<?xml version="1.0" encoding="UTF-8"?>
<testsuite xmlns:xsi="http://www.w3.org/2001/XMLSchema-instance" xsi:noNamespaceSchemaLocation="https://maven.apache.org/surefire/maven-surefire-plugin/xsd/surefire-test-report.xsd" version="3.0.2" name="com.okulyonetimi.OkulyonetimiApplicationTests" time="5.362" tests="1" errors="0" skipped="0" failures="0">
  <properties>
[...]
</properties>
  <testcase name="contextLoads" classname="com.okulyonetimi.OkulyonetimiApplicationTests" time="0.326">
    <system-out><![CDATA[16:16:56.924 [main] INFO org.springframework.test.context.support.AnnotationConfigContextLoaderUtils -- Could not detect default configuration classes for test class [com.okulyonetimi.OkulyonetimiApplicationTests]: OkulyonetimiApplicationTests does not declare any static, non-private, non-final, nested classes annotated with @Configuration.
16:16:57.067 [main] INFO org.springframework.boot.test.context.SpringBootTestContextBootstrapper -- Found @SpringBootConfiguration com.okulyonetimi.OkulyonetimiApplication for test class com.okulyonetimi.OkulyonetimiApplicationTests

  .   ____          _            __ _ _
 /\\ / ___'_ __ _ _(_)_ __  __ _ \ \ \ \
( ( )\___ | '_ | '_| | '_ \/ _` | \ \ \ \
 \\/  ___)| |_)| | | | | || (_| |  ) ) ) )
  '  |____| .__|_| |_|_| |_\__, | / / / /
 =========|_|==============|___/=/_/_/_/

 :: Spring Boot ::       (v4.0.0-SNAPSHOT)

2025-06-11T16:16:57.652+03:00  INFO 18396 --- [okulyonetimi] [           main] c.o.OkulyonetimiApplicationTests         : Starting OkulyonetimiApplicationTests using Java 17.0.14 with PID 18396 (started by Umit in C:\Users\Umit\Desktop\okulyonetimi)
2025-06-11T16:16:57.652+03:00  INFO 18396 --- [okulyonetimi] [           main] c.o.OkulyonetimiApplicationTests         : No active profile set, falling back to 1 default profile: "default"
2025-06-11T16:16:58.420+03:00  INFO 18396 --- [okulyonetimi] [           main] .s.d.r.c.RepositoryConfigurationDelegate : Bootstrapping Spring Data JPA repositories in DEFAULT mode.
2025-06-11T16:16:58.499+03:00  INFO 18396 --- [okulyonetimi] [           main] .s.d.r.c.RepositoryConfigurationDelegate : Finished Spring Data repository scanning in 65 ms. Found 2 JPA repository interfaces.
2025-06-11T16:16:58.957+03:00  INFO 18396 --- [okulyonetimi] [           main] com.zaxxer.hikari.HikariDataSource       : HikariPool-1 - Starting...
2025-06-11T16:16:59.146+03:00  INFO 18396 --- [okulyonetimi] [           main] com.zaxxer.hikari.pool.HikariPool        : HikariPool-1 - Added connection conn0: url=jdbc:h2:mem:9b09ee56-9c5b-4859-b674-5283a0bcfdb3 user=SA
2025-06-11T16:16:59.146+03:00  INFO 18396 --- [okulyonetimi] [           main] com.zaxxer.hikari.HikariDataSource       : HikariPool-1 - Start completed.
2025-06-11T16:16:59.177+03:00  INFO 18396 --- [okulyonetimi] [           main] o.hibernate.jpa.internal.util.LogHelper  : HHH000204: Processing PersistenceUnitInfo [name: default]
2025-06-11T16:16:59.250+03:00  INFO 18396 --- [okulyonetimi] [           main] org.hibernate.Version                    : HHH000412: Hibernate ORM core version 7.0.0.CR1
2025-06-11T16:16:59.848+03:00  INFO 18396 --- [okulyonetimi] [           main] o.s.o.j.p.SpringPersistenceUnitInfo      : No LoadTimeWeaver setup: ignoring JPA class transformer
2025-06-11T16:16:59.968+03:00  INFO 18396 --- [okulyonetimi] [           main] org.hibernate.orm.connections.pooling    : HHH10001005: Database info:
	Database JDBC URL [jdbc:h2:mem:9b09ee56-9c5b-4859-b674-5283a0bcfdb3]
	Database driver: H2 JDBC Driver
	Database version: 2.3.232
	Autocommit mode: undefined/unknown
	Isolation level: READ_COMMITTED [default READ_COMMITTED]
	Pool: DatasourceConnectionProviderImpl
	Minimum pool size: undefined/unknown
	Maximum pool size: undefined/unknown
2025-06-11T16:17:00.849+03:00  INFO 18396 --- [okulyonetimi] [           main] o.h.e.t.j.p.i.JtaPlatformInitiator       : HHH000489: No JTA platform available (set 'hibernate.transaction.jta.platform' to enable JTA platform integration)
2025-06-11T16:17:00.912+03:00  INFO 18396 --- [okulyonetimi] [           main] j.LocalContainerEntityManagerFactoryBean : Initialized JPA EntityManagerFactory for persistence unit 'default'
2025-06-11T16:17:01.007+03:00  INFO 18396 --- [okulyonetimi] [           main] o.s.d.j.r.query.QueryEnhancerFactories   : Hibernate is in classpath; If applicable, HQL parser will be used.
2025-06-11T16:17:01.357+03:00  WARN 18396 --- [okulyonetimi] [           main] JpaBaseConfiguration$JpaWebConfiguration : spring.jpa.open-in-view is enabled by default. Therefore, database queries may be performed during view rendering. Explicitly configure spring.jpa.open-in-view to disable this warning
2025-06-11T16:17:01.771+03:00  INFO 18396 --- [okulyonetimi] [           main] c.o.OkulyonetimiApplicationTests         : Started OkulyonetimiApplicationTests in 4.502 seconds (process running for 5.533)
]]></system-out>
  </testcase>
</testsuite>